<?xml version="1.0" encoding="UTF-8"?>
<!-- Generated by org.testng.reporters.JUnitXMLReporter -->
<testsuite ignored="2" hostname="EXIPC0202" failures="0" tests="1" name="Default test" time="50.026" errors="0" timestamp="2023-08-21T14:29:07 IST">
  <testcase classname="webApplication.Molinatestcase" name="MolinaTestcase" time="34.193"/>
  <testcase classname="resources.Base" name="@AfterTest teardown" time="0.0">
    <ignored/>
  </testcase> <!-- @AfterTest teardown -->
  <testcase classname="resources.Base" name="@BeforeTest setup" time="0.0">
    <ignored/>
  </testcase> <!-- @BeforeTest setup -->
</testsuite> <!-- Default test -->
